Accuracy = 99.8777% (80857/80956) (classification)
rm: cannot remove `TwoCircleHardTrainingmodel': No such file or directory
Accuracy = 99.9926% (80950/80956) (classification)
Accuracy = 100% (80956/80956) (classification)
Accuracy = 100% (80956/80956) (classification)
Accuracy = 100% (80956/80956) (classification)
Accuracy = 100% (80956/80956) (classification)
Accuracy = 100% (80956/80956) (classification)
rm: cannot remove `TwoCircleHardTrainingmodel': No such file or directory
Accuracy = 100% (80956/80956) (classification)
Accuracy = 100% (80956/80956) (classification)
Accuracy = 100% (80956/80956) (classification)
Accuracy = 100% (80956/80956) (classification)
Accuracy = 99.7147% (80725/80956) (classification)
Accuracy = 99.832% (80820/80956) (classification)
Accuracy = 99.9024% (80877/80956) (classification)
rm: cannot remove `TwoCircleHardTrainingmodel': No such file or directory
Accuracy = 99.9568% (80921/80956) (classification)
rm: cannot remove `TwoCircleHardTrainingmodel': No such file or directory
Accuracy = 99.9926% (80950/80956) (classification)
Accuracy = 100% (80956/80956) (classification)
rm: cannot remove `TwoCircleHardTrainingmodel': No such file or directory
Accuracy = 100% (80956/80956) (classification)
rm: cannot remove `TwoCircleHardTrainingmodel': No such file or directory
Accuracy = 100% (80956/80956) (classification)
rm: cannot remove `TwoCircleHardTrainingmodel': No such file or directory
Accuracy = 100% (80956/80956) (classification)
Accuracy = 100% (80956/80956) (classification)
rm: cannot remove `TwoCircleHardTrainingmodel': No such file or directory
Accuracy = 100% (80956/80956) (classification)
Accuracy = 99.6554% (80677/80956) (classification)
Accuracy = 99.7431% (80748/80956) (classification)
Accuracy = 99.8036% (80797/80956) (classification)
Accuracy = 99.8456% (80831/80956) (classification)
Accuracy = 99.8901% (80867/80956) (classification)
Accuracy = 99.9086% (80882/80956) (classification)
Accuracy = 99.937% (80905/80956) (classification)
Accuracy = 99.9568% (80921/80956) (classification)
rm: cannot remove `TwoCircleHardTrainingmodel': No such file or directory
Accuracy = 99.9753% (80936/80956) (classification)
Accuracy = 99.9889% (80947/80956) (classification)
Accuracy = 100% (80956/80956) (classification)
rm: cannot remove `TwoCircleHardTrainingmodel': No such file or directory
Accuracy = 99.6517% (80674/80956) (classification)
rm: cannot remove `TwoCircleHardTrainingmodel': No such file or directory
Accuracy = 99.7134% (80724/80956) (classification)
Accuracy = 99.774% (80773/80956) (classification)
Accuracy = 99.8085% (80801/80956) (classification)
Accuracy = 99.8271% (80816/80956) (classification)
Accuracy = 99.8493% (80834/80956) (classification)
rm: cannot remove `TwoCircleHardTrainingmodel': No such file or directory
Accuracy = 99.8752% (80855/80956) (classification)
rm: cannot remove `TwoCircleHardTrainingmodel': No such file or directory
Accuracy = 99.8938% (80870/80956) (classification)
rm: cannot remove `TwoCircleHardTrainingmodel': No such file or directory
Accuracy = 99.8987% (80874/80956) (classification)
rm: cannot remove `TwoCircleHardTrainingmodel': No such file or directory
Accuracy = 99.9148% (80887/80956) (classification)
rm: cannot remove `TwoCircleHardTrainingmodel': No such file or directory
Accuracy = 99.9271% (80897/80956) (classification)
rm: cannot remove `TwoCircleHardTrainingmodel': No such file or directory
Accuracy = 99.6875% (80703/80956) (classification)
Accuracy = 99.7443% (80749/80956) (classification)
Accuracy = 99.7764% (80775/80956) (classification)
rm: cannot remove `TwoCircleHardTrainingmodel': No such file or directory
Accuracy = 99.8036% (80797/80956) (classification)
Accuracy = 99.8197% (80810/80956) (classification)
Accuracy = 99.8332% (80821/80956) (classification)
Accuracy = 99.8444% (80830/80956) (classification)
Accuracy = 99.8617% (80844/80956) (classification)
Accuracy = 99.874% (80854/80956) (classification)
rm: cannot remove `TwoCircleHardTrainingmodel': No such file or directory
Accuracy = 99.8876% (80865/80956) (classification)
Accuracy = 99.8938% (80870/80956) (classification)
Accuracy = 99.7492% (80753/80956) (classification)
rm: cannot remove `TwoCircleHardTrainingmodel': No such file or directory
Accuracy = 99.7764% (80775/80956) (classification)
Accuracy = 99.8011% (80795/80956) (classification)
Accuracy = 99.8221% (80812/80956) (classification)
rm: cannot remove `TwoCircleHardTrainingmodel': No such file or directory
Accuracy = 99.8345% (80822/80956) (classification)
Accuracy = 99.8444% (80830/80956) (classification)
rm: cannot remove `TwoCircleHardTrainingmodel': No such file or directory
Accuracy = 99.8567% (80840/80956) (classification)
rm: cannot remove `TwoCircleHardTrainingmodel': No such file or directory
Accuracy = 99.8703% (80851/80956) (classification)
rm: cannot remove `TwoCircleHardTrainingmodel': No such file or directory
Accuracy = 99.8789% (80858/80956) (classification)
rm: cannot remove `TwoCircleHardTrainingmodel': No such file or directory
Accuracy = 99.8864% (80864/80956) (classification)
rm: cannot remove `TwoCircleHardTrainingmodel': No such file or directory
Accuracy = 99.8913% (80868/80956) (classification)
Accuracy = 99.7863% (80783/80956) (classification)
Accuracy = 99.8197% (80810/80956) (classification)
Accuracy = 99.8332% (80821/80956) (classification)
Accuracy = 99.8431% (80829/80956) (classification)
Accuracy = 99.8555% (80839/80956) (classification)
Accuracy = 99.8691% (80850/80956) (classification)
Accuracy = 99.8802% (80859/80956) (classification)
rm: cannot remove `TwoCircleHardTrainingmodel': No such file or directory
Accuracy = 99.8827% (80861/80956) (classification)
Accuracy = 99.8876% (80865/80956) (classification)
Accuracy = 99.8888% (80866/80956) (classification)
Accuracy = 99.8925% (80869/80956) (classification)
Accuracy = 99.8221% (80812/80956) (classification)
Accuracy = 99.8456% (80831/80956) (classification)
rm: cannot remove `TwoCircleHardTrainingmodel': No such file or directory
Accuracy = 99.8629% (80845/80956) (classification)
rm: cannot remove `TwoCircleHardTrainingmodel': No such file or directory
Accuracy = 99.8715% (80852/80956) (classification)
Accuracy = 99.874% (80854/80956) (classification)
Accuracy = 99.8765% (80856/80956) (classification)
rm: cannot remove `TwoCircleHardTrainingmodel': No such file or directory
Accuracy = 99.8777% (80857/80956) (classification)
Accuracy = 99.8802% (80859/80956) (classification)
rm: cannot remove `TwoCircleHardTrainingmodel': No such file or directory
Accuracy = 99.8802% (80859/80956) (classification)
Accuracy = 99.8827% (80861/80956) (classification)
Accuracy = 99.8864% (80864/80956) (classification)
Accuracy = 99.8654% (80847/80956) (classification)
rm: cannot remove `TwoCircleHardTrainingmodel': No such file or directory
Accuracy = 99.8752% (80855/80956) (classification)
rm: cannot remove `TwoCircleHardTrainingmodel': No such file or directory
Accuracy = 99.8777% (80857/80956) (classification)
rm: cannot remove `TwoCircleHardTrainingmodel': No such file or directory
Accuracy = 99.8827% (80861/80956) (classification)
Accuracy = 99.874% (80854/80956) (classification)
Accuracy = 99.8789% (80858/80956) (classification)
Accuracy = 99.8839% (80862/80956) (classification)
rm: cannot remove `TwoCircleHardTrainingmodel': No such file or directory
Accuracy = 99.8777% (80857/80956) (classification)
rm: cannot remove `TwoCircleHardTrainingmodel': No such file or directory
Accuracy = 99.8765% (80856/80956) (classification)
Accuracy = 99.8752% (80855/80956) (classification)
Accuracy = 99.8728% (80853/80956) (classification)
Accuracy = 99.8765% (80856/80956) (classification)
Accuracy = 99.8814% (80860/80956) (classification)
Accuracy = 99.8851% (80863/80956) (classification)
Accuracy = 99.8715% (80852/80956) (classification)
rm: cannot remove `TwoCircleHardTrainingmodel': No such file or directory
Accuracy = 99.8678% (80849/80956) (classification)
Accuracy = 99.8678% (80849/80956) (classification)
Accuracy = 99.8728% (80853/80956) (classification)
Accuracy = 99.874% (80854/80956) (classification)
Accuracy = 99.8703% (80851/80956) (classification)
rm: cannot remove `TwoCircleHardTrainingmodel': No such file or directory
Accuracy = 99.8715% (80852/80956) (classification)
rm: cannot remove `TwoCircleHardTrainingmodel': No such file or directory
Accuracy = 99.8691% (80850/80956) (classification)
rm: cannot remove `TwoCircleHardTrainingmodel': No such file or directory
Accuracy = 99.8827% (80861/80956) (classification)
rm: cannot remove `TwoCircleHardTrainingmodel': No such file or directory
Accuracy = 99.8827% (80861/80956) (classification)
Accuracy = 99.874% (80854/80956) (classification)
Accuracy = 99.8752% (80855/80956) (classification)
rm: cannot remove `TwoCircleHardTrainingmodel': No such file or directory
Accuracy = 99.8789% (80858/80956) (classification)
rm: cannot remove `TwoCircleHardTrainingmodel': No such file or directory
Accuracy = 99.8814% (80860/80956) (classification)
Accuracy = 99.8851% (80863/80956) (classification)
rm: cannot remove `TwoCircleHardTrainingmodel': No such file or directory
Accuracy = 99.874% (80854/80956) (classification)
rm: cannot remove `TwoCircleHardTrainingmodel': No such file or directory
Accuracy = 99.8752% (80855/80956) (classification)
Accuracy = 99.8691% (80850/80956) (classification)
Accuracy = 99.8666% (80848/80956) (classification)
Accuracy = 99.8987% (80874/80956) (classification)
Accuracy = 99.8901% (80867/80956) (classification)
Accuracy = 99.8938% (80870/80956) (classification)
Accuracy = 99.8925% (80869/80956) (classification)
rm: cannot remove `TwoCircleHardTrainingmodel': No such file or directory
Accuracy = 99.8827% (80861/80956) (classification)
Accuracy = 99.8839% (80862/80956) (classification)
rm: cannot remove `TwoCircleHardTrainingmodel': No such file or directory
Accuracy = 99.8839% (80862/80956) (classification)
Accuracy = 99.8777% (80857/80956) (classification)
Accuracy = 99.8814% (80860/80956) (classification)
rm: cannot remove `TwoCircleHardTrainingmodel': No such file or directory
Accuracy = 99.8839% (80862/80956) (classification)
Accuracy = 99.8839% (80862/80956) (classification)
Accuracy = 99.8876% (80865/80956) (classification)
Accuracy = 99.8876% (80865/80956) (classification)
Accuracy = 99.8901% (80867/80956) (classification)
Accuracy = 99.8962% (80872/80956) (classification)
Accuracy = 99.8925% (80869/80956) (classification)
Accuracy = 99.895% (80871/80956) (classification)
Accuracy = 99.8851% (80863/80956) (classification)
Accuracy = 99.8913% (80868/80956) (classification)
Accuracy = 99.8802% (80859/80956) (classification)
rm: cannot remove `TwoCircleHardTrainingmodel': No such file or directory
Accuracy = 99.8839% (80862/80956) (classification)
Accuracy = 99.8839% (80862/80956) (classification)
rm: cannot remove `TwoCircleHardTrainingmodel': No such file or directory
Accuracy = 99.9123% (80885/80956) (classification)
Accuracy = 99.8999% (80875/80956) (classification)
Accuracy = 99.9037% (80878/80956) (classification)
rm: cannot remove `TwoCircleHardTrainingmodel': No such file or directory
Accuracy = 99.9024% (80877/80956) (classification)
Accuracy = 99.8975% (80873/80956) (classification)
Accuracy = 99.9049% (80879/80956) (classification)
Accuracy = 99.8975% (80873/80956) (classification)
Accuracy = 99.8987% (80874/80956) (classification)
Accuracy = 99.9012% (80876/80956) (classification)
Accuracy = 99.8999% (80875/80956) (classification)
Accuracy = 99.9049% (80879/80956) (classification)
Accuracy = 99.9086% (80882/80956) (classification)
Accuracy = 99.916% (80888/80956) (classification)
Accuracy = 99.9123% (80885/80956) (classification)
Accuracy = 99.9024% (80877/80956) (classification)
Accuracy = 99.9012% (80876/80956) (classification)
Accuracy = 99.9098% (80883/80956) (classification)
Accuracy = 99.9074% (80881/80956) (classification)
Accuracy = 99.9012% (80876/80956) (classification)
Accuracy = 99.9012% (80876/80956) (classification)
Accuracy = 99.9074% (80881/80956) (classification)
Accuracy = 99.9012% (80876/80956) (classification)
rm: cannot remove `TwoCircleHardTrainingmodel': No such file or directory
Accuracy = 99.916% (80888/80956) (classification)
Accuracy = 99.9111% (80884/80956) (classification)
Accuracy = 99.9098% (80883/80956) (classification)
Accuracy = 99.9037% (80878/80956) (classification)
Accuracy = 99.9086% (80882/80956) (classification)
Accuracy = 99.9098% (80883/80956) (classification)
Accuracy = 99.9135% (80886/80956) (classification)
Accuracy = 99.9074% (80881/80956) (classification)
Accuracy = 99.9049% (80879/80956) (classification)
Accuracy = 99.9012% (80876/80956) (classification)
Accuracy = 99.9086% (80882/80956) (classification)
Accuracy = 99.9185% (80890/80956) (classification)
Accuracy = 99.9234% (80894/80956) (classification)
Accuracy = 99.9123% (80885/80956) (classification)
Accuracy = 99.9135% (80886/80956) (classification)
Accuracy = 99.9172% (80889/80956) (classification)
Accuracy = 99.9148% (80887/80956) (classification)
Accuracy = 99.9185% (80890/80956) (classification)
Accuracy = 99.9086% (80882/80956) (classification)
Accuracy = 99.9135% (80886/80956) (classification)
Accuracy = 99.9098% (80883/80956) (classification)
Accuracy = 99.9135% (80886/80956) (classification)
Accuracy = 99.9333% (80902/80956) (classification)
Accuracy = 99.9321% (80901/80956) (classification)
Accuracy = 99.9185% (80890/80956) (classification)
Accuracy = 99.9049% (80879/80956) (classification)
Accuracy = 99.9135% (80886/80956) (classification)
Accuracy = 99.9123% (80885/80956) (classification)
Accuracy = 99.916% (80888/80956) (classification)
Accuracy = 99.916% (80888/80956) (classification)
Accuracy = 99.9222% (80893/80956) (classification)
Accuracy = 99.9222% (80893/80956) (classification)
Accuracy = 99.9234% (80894/80956) (classification)
Accuracy = 99.9209% (80892/80956) (classification)
Accuracy = 99.9247% (80895/80956) (classification)
Accuracy = 99.9271% (80897/80956) (classification)
Accuracy = 99.9209% (80892/80956) (classification)
Accuracy = 99.9234% (80894/80956) (classification)
rm: cannot remove `TwoCircleHardTrainingmodel': No such file or directory
Accuracy = 99.9333% (80902/80956) (classification)
Accuracy = 99.937% (80905/80956) (classification)
Accuracy = 99.9382% (80906/80956) (classification)
Accuracy = 99.9395% (80907/80956) (classification)
Accuracy = 99.9296% (80899/80956) (classification)
rm: cannot remove `TwoCircleHardTrainingmodel': No such file or directory
Accuracy = 99.9296% (80899/80956) (classification)
Accuracy = 99.9481% (80914/80956) (classification)
Accuracy = 99.9432% (80910/80956) (classification)
Accuracy = 99.9358% (80904/80956) (classification)
Accuracy = 99.9358% (80904/80956) (classification)
Accuracy = 99.9382% (80906/80956) (classification)
Accuracy = 99.9444% (80911/80956) (classification)
Accuracy = 99.9494% (80915/80956) (classification)
Accuracy = 99.9444% (80911/80956) (classification)
Accuracy = 99.9419% (80909/80956) (classification)
Accuracy = 99.9407% (80908/80956) (classification)
Accuracy = 99.9333% (80902/80956) (classification)
Accuracy = 99.9531% (80918/80956) (classification)
Accuracy = 99.9469% (80913/80956) (classification)
Accuracy = 99.9494% (80915/80956) (classification)
Accuracy = 99.9481% (80914/80956) (classification)
Accuracy = 99.9518% (80917/80956) (classification)
Accuracy = 99.9432% (80910/80956) (classification)
Accuracy = 99.9456% (80912/80956) (classification)
Accuracy = 99.9456% (80912/80956) (classification)
Accuracy = 99.9444% (80911/80956) (classification)
Accuracy = 99.9432% (80910/80956) (classification)
Accuracy = 99.9481% (80914/80956) (classification)
Progress: 1/231
Progress: 2/231
Progress: 3/231
Progress: 4/231
Progress: 5/231
Progress: 6/231
Progress: 7/231
Progress: 8/231
Progress: 9/231
Progress: 10/231
Progress: 11/231
Progress: 12/231
Progress: 13/231
Progress: 14/231
Progress: 15/231
Progress: 16/231
Progress: 17/231
Progress: 18/231
Progress: 19/231
Progress: 20/231
Progress: 21/231
Progress: 22/231
Progress: 23/231
Progress: 24/231
Progress: 25/231
Progress: 26/231
Progress: 27/231
Progress: 28/231
Progress: 29/231
Progress: 30/231
Progress: 31/231
Progress: 32/231
Progress: 33/231
Progress: 34/231
Progress: 35/231
Progress: 36/231
Progress: 37/231
Progress: 38/231
Progress: 39/231
Progress: 40/231
Progress: 41/231
Progress: 42/231
Progress: 43/231
Progress: 44/231
Progress: 45/231
Progress: 46/231
Progress: 47/231
Progress: 48/231
Progress: 49/231
Progress: 50/231
Progress: 51/231
Progress: 52/231
Progress: 53/231
Progress: 54/231
Progress: 55/231
Progress: 56/231
Progress: 57/231
Progress: 58/231
Progress: 59/231
Progress: 60/231
Progress: 61/231
Progress: 62/231
Progress: 63/231
Progress: 64/231
Progress: 65/231
Progress: 66/231
Progress: 67/231
Progress: 68/231
Progress: 69/231
Progress: 70/231
Progress: 71/231
Progress: 72/231
Progress: 73/231
Progress: 74/231
Progress: 75/231
Progress: 76/231
Progress: 77/231
Progress: 78/231
Progress: 79/231
Progress: 80/231
Progress: 81/231
Progress: 82/231
Progress: 83/231
Progress: 84/231
Progress: 85/231
Progress: 86/231
Progress: 87/231
Progress: 88/231
Progress: 89/231
Progress: 90/231
Progress: 91/231
Progress: 92/231
Progress: 93/231
Progress: 94/231
Progress: 95/231
Progress: 96/231
Progress: 97/231
Progress: 98/231
Progress: 99/231
Progress: 100/231
Progress: 101/231
Progress: 102/231
Progress: 103/231
Progress: 104/231
Progress: 105/231
Progress: 106/231
Progress: 107/231
Progress: 108/231
Progress: 109/231
Progress: 110/231
Progress: 111/231
Progress: 112/231
Progress: 113/231
Progress: 114/231
Progress: 115/231
Progress: 116/231
Progress: 117/231
Progress: 118/231
Progress: 119/231
Progress: 120/231
Progress: 121/231
Progress: 122/231
Progress: 123/231
Progress: 124/231
Progress: 125/231
Progress: 126/231
Progress: 127/231
Progress: 128/231
Progress: 129/231
Progress: 130/231
Progress: 131/231
Progress: 132/231
Progress: 133/231
Progress: 134/231
Progress: 135/231
Progress: 136/231
Progress: 137/231
Progress: 138/231
Progress: 139/231
Progress: 140/231
Progress: 141/231
Progress: 142/231
Progress: 143/231
Progress: 144/231
Progress: 145/231
Progress: 146/231
Progress: 147/231
Progress: 148/231
Progress: 149/231
Progress: 150/231
Progress: 151/231
Progress: 152/231
Progress: 153/231
Progress: 154/231
Progress: 155/231
Progress: 156/231
Progress: 157/231
Progress: 158/231
Progress: 159/231
Progress: 160/231
Progress: 161/231
Progress: 162/231
Progress: 163/231
Progress: 164/231
Progress: 165/231
Progress: 166/231
Progress: 167/231
Progress: 168/231
Progress: 169/231
Progress: 170/231
Progress: 171/231
Progress: 172/231
Progress: 173/231
Progress: 174/231
Progress: 175/231
Progress: 176/231
Progress: 177/231
Progress: 178/231
Progress: 179/231
Progress: 180/231
Progress: 181/231
Progress: 182/231
Progress: 183/231
Progress: 184/231
Progress: 185/231
Progress: 186/231
Progress: 187/231
Progress: 188/231
Progress: 189/231
Progress: 190/231
Progress: 191/231
Progress: 192/231
Progress: 193/231
Progress: 194/231
Progress: 195/231
Progress: 196/231
Progress: 197/231
Progress: 198/231
Progress: 199/231
Progress: 200/231
Progress: 201/231
Progress: 202/231
Progress: 203/231
Progress: 204/231
Progress: 205/231
Progress: 206/231
Progress: 207/231
Progress: 208/231
Progress: 209/231
Progress: 210/231
Progress: 211/231
Progress: 212/231
Progress: 213/231
Progress: 214/231
Progress: 215/231
Progress: 216/231
Progress: 217/231
Progress: 218/231
Progress: 219/231
Progress: 220/231
Progress: 221/231
Progress: 222/231
Progress: 223/231
Progress: 224/231
Progress: 225/231
Progress: 226/231
Progress: 227/231
Progress: 228/231
Progress: 229/231
Progress: 230/231
Progress: 231/231
Total runtime: 28865.969034 seconds
