Accuracy = 81.9509% (10107/12333) (classification)
Accuracy = 74.0534% (9133/12333) (classification)
Accuracy = 64.6153% (7969/12333) (classification)
Accuracy = 53.6285% (6614/12333) (classification)
Accuracy = 41.1335% (5073/12333) (classification)
Accuracy = 0% (0/12333) (classification)
Accuracy = 0% (0/12333) (classification)
Accuracy = 0% (0/12333) (classification)
Accuracy = 0% (0/12333) (classification)
Accuracy = 0% (0/12333) (classification)
rm: cannot remove `CircleSoftTrainingmodel': No such file or directory
Accuracy = 0% (0/12333) (classification)
Accuracy = 88.5916% (10926/12333) (classification)
Accuracy = 86.6537% (10687/12333) (classification)
Accuracy = 83.9942% (10359/12333) (classification)
Accuracy = 80.2319% (9895/12333) (classification)
Accuracy = 76.3642% (9418/12333) (classification)
Accuracy = 71.7668% (8851/12333) (classification)
Accuracy = 67.6802% (8347/12333) (classification)
Accuracy = 62.726% (7736/12333) (classification)
Accuracy = 56.0529% (6913/12333) (classification)
Accuracy = 48.131% (5936/12333) (classification)
Accuracy = 31.1684% (3844/12333) (classification)
Accuracy = 91.543% (11290/12333) (classification)
Accuracy = 90.9916% (11222/12333) (classification)
rm: cannot remove `CircleSoftTrainingmodel': No such file or directory
Accuracy = 90.2781% (11134/12333) (classification)
Accuracy = 89.2159% (11003/12333) (classification)
Accuracy = 87.951% (10847/12333) (classification)
Accuracy = 86.6294% (10684/12333) (classification)
Accuracy = 84.9996% (10483/12333) (classification)
Accuracy = 83.1022% (10249/12333) (classification)
Accuracy = 81.3671% (10035/12333) (classification)
Accuracy = 79.3562% (9787/12333) (classification)
Accuracy = 77.1102% (9510/12333) (classification)
Accuracy = 93.1404% (11487/12333) (classification)
Accuracy = 92.9295% (11461/12333) (classification)
Accuracy = 92.6376% (11425/12333) (classification)
Accuracy = 92.3944% (11395/12333) (classification)
Accuracy = 91.9809% (11344/12333) (classification)
Accuracy = 91.5511% (11291/12333) (classification)
Accuracy = 91.1862% (11246/12333) (classification)
Accuracy = 90.6106% (11175/12333) (classification)
Accuracy = 90.0186% (11102/12333) (classification)
Accuracy = 89.4186% (11028/12333) (classification)
Accuracy = 88.7619% (10947/12333) (classification)
Accuracy = 94.0971% (11605/12333) (classification)
Accuracy = 94.1215% (11608/12333) (classification)
Accuracy = 94.0404% (11598/12333) (classification)
Accuracy = 93.9269% (11584/12333) (classification)
Accuracy = 93.7809% (11566/12333) (classification)
Accuracy = 93.6431% (11549/12333) (classification)
Accuracy = 93.4728% (11528/12333) (classification)
Accuracy = 93.2863% (11505/12333) (classification)
Accuracy = 93.1322% (11486/12333) (classification)
Accuracy = 92.8566% (11452/12333) (classification)
Accuracy = 92.662% (11428/12333) (classification)
Accuracy = 94.8431% (11697/12333) (classification)
Accuracy = 94.9323% (11708/12333) (classification)
Accuracy = 94.8512% (11698/12333) (classification)
Accuracy = 94.8755% (11701/12333) (classification)
Accuracy = 94.7782% (11689/12333) (classification)
Accuracy = 94.7296% (11683/12333) (classification)
Accuracy = 94.6809% (11677/12333) (classification)
Accuracy = 94.5999% (11667/12333) (classification)
Accuracy = 94.4863% (11653/12333) (classification)
Accuracy = 94.3809% (11640/12333) (classification)
Accuracy = 94.308% (11631/12333) (classification)
Accuracy = 95.3215% (11756/12333) (classification)
Accuracy = 95.362% (11761/12333) (classification)
Accuracy = 95.4431% (11771/12333) (classification)
Accuracy = 95.4593% (11773/12333) (classification)
Accuracy = 95.4431% (11771/12333) (classification)
Accuracy = 95.4269% (11769/12333) (classification)
Accuracy = 95.3945% (11765/12333) (classification)
Accuracy = 95.3701% (11762/12333) (classification)
Accuracy = 95.3539% (11760/12333) (classification)
Accuracy = 95.3215% (11756/12333) (classification)
Accuracy = 95.2972% (11753/12333) (classification)
Accuracy = 95.4918% (11777/12333) (classification)
Accuracy = 95.6134% (11792/12333) (classification)
Accuracy = 95.6053% (11791/12333) (classification)
Accuracy = 95.6458% (11796/12333) (classification)
Accuracy = 95.5891% (11789/12333) (classification)
rm: cannot remove `CircleSoftTrainingmodel': No such file or directory
Accuracy = 95.5729% (11787/12333) (classification)
Accuracy = 95.5972% (11790/12333) (classification)
Accuracy = 95.5729% (11787/12333) (classification)
Accuracy = 95.5404% (11783/12333) (classification)
Accuracy = 95.5323% (11782/12333) (classification)
Accuracy = 95.508% (11779/12333) (classification)
Accuracy = 95.6215% (11793/12333) (classification)
Accuracy = 95.6215% (11793/12333) (classification)
Accuracy = 95.662% (11798/12333) (classification)
Accuracy = 95.7107% (11804/12333) (classification)
Accuracy = 95.7026% (11803/12333) (classification)
Accuracy = 95.7107% (11804/12333) (classification)
Accuracy = 95.6945% (11802/12333) (classification)
Accuracy = 95.6945% (11802/12333) (classification)
Accuracy = 95.6783% (11800/12333) (classification)
Accuracy = 95.6296% (11794/12333) (classification)
Accuracy = 95.6053% (11791/12333) (classification)
Accuracy = 95.6783% (11800/12333) (classification)
Accuracy = 95.7269% (11806/12333) (classification)
Accuracy = 95.7675% (11811/12333) (classification)
Accuracy = 95.7675% (11811/12333) (classification)
Accuracy = 95.7756% (11812/12333) (classification)
Accuracy = 95.7675% (11811/12333) (classification)
Accuracy = 95.7593% (11810/12333) (classification)
Accuracy = 95.7269% (11806/12333) (classification)
Accuracy = 95.7188% (11805/12333) (classification)
Accuracy = 95.7026% (11803/12333) (classification)
Accuracy = 95.6783% (11800/12333) (classification)
Accuracy = 95.7431% (11808/12333) (classification)
Accuracy = 95.7837% (11813/12333) (classification)
Accuracy = 95.7918% (11814/12333) (classification)
Accuracy = 95.8161% (11817/12333) (classification)
Accuracy = 95.8404% (11820/12333) (classification)
Accuracy = 95.7837% (11813/12333) (classification)
Accuracy = 95.7837% (11813/12333) (classification)
Accuracy = 95.735% (11807/12333) (classification)
Accuracy = 95.6702% (11799/12333) (classification)
Accuracy = 95.6864% (11801/12333) (classification)
Accuracy = 95.6539% (11797/12333) (classification)
Accuracy = 95.7837% (11813/12333) (classification)
Accuracy = 95.8485% (11821/12333) (classification)
Accuracy = 95.8648% (11823/12333) (classification)
Accuracy = 95.8729% (11824/12333) (classification)
Accuracy = 95.8323% (11819/12333) (classification)
Accuracy = 95.7675% (11811/12333) (classification)
Accuracy = 95.735% (11807/12333) (classification)
Accuracy = 95.735% (11807/12333) (classification)
Accuracy = 95.7026% (11803/12333) (classification)
Accuracy = 95.7107% (11804/12333) (classification)
Accuracy = 95.735% (11807/12333) (classification)
Accuracy = 95.8566% (11822/12333) (classification)
Accuracy = 95.9134% (11829/12333) (classification)
Accuracy = 95.9053% (11828/12333) (classification)
Accuracy = 95.8648% (11823/12333) (classification)
Accuracy = 95.8161% (11817/12333) (classification)
Accuracy = 95.8161% (11817/12333) (classification)
Accuracy = 95.7593% (11810/12333) (classification)
Accuracy = 95.7999% (11815/12333) (classification)
Accuracy = 95.7756% (11812/12333) (classification)
Accuracy = 95.7675% (11811/12333) (classification)
Accuracy = 95.7675% (11811/12333) (classification)
Accuracy = 95.9621% (11835/12333) (classification)
Accuracy = 95.9945% (11839/12333) (classification)
Accuracy = 95.9377% (11832/12333) (classification)
Accuracy = 95.8729% (11824/12333) (classification)
Accuracy = 95.881% (11825/12333) (classification)
Accuracy = 95.8566% (11822/12333) (classification)
Accuracy = 95.808% (11816/12333) (classification)
Accuracy = 95.7837% (11813/12333) (classification)
Accuracy = 95.7837% (11813/12333) (classification)
Accuracy = 95.7512% (11809/12333) (classification)
Accuracy = 95.7837% (11813/12333) (classification)
Accuracy = 96.035% (11844/12333) (classification)
Accuracy = 96.0188% (11842/12333) (classification)
Accuracy = 95.9702% (11836/12333) (classification)
Accuracy = 95.9215% (11830/12333) (classification)
Accuracy = 95.8891% (11826/12333) (classification)
Accuracy = 95.8485% (11821/12333) (classification)
Accuracy = 95.7918% (11814/12333) (classification)
Accuracy = 95.7593% (11810/12333) (classification)
Accuracy = 95.8161% (11817/12333) (classification)
Accuracy = 95.808% (11816/12333) (classification)
Accuracy = 95.7269% (11806/12333) (classification)
Accuracy = 96.0512% (11846/12333) (classification)
Accuracy = 96.0188% (11842/12333) (classification)
Accuracy = 95.9458% (11833/12333) (classification)
Accuracy = 95.8972% (11827/12333) (classification)
Accuracy = 95.8729% (11824/12333) (classification)
Accuracy = 95.8323% (11819/12333) (classification)
Accuracy = 95.7918% (11814/12333) (classification)
Accuracy = 95.7999% (11815/12333) (classification)
Accuracy = 95.7593% (11810/12333) (classification)
Accuracy = 95.6783% (11800/12333) (classification)
Accuracy = 95.6377% (11795/12333) (classification)
Accuracy = 96.0594% (11847/12333) (classification)
Accuracy = 96.0107% (11841/12333) (classification)
Accuracy = 95.9377% (11832/12333) (classification)
Accuracy = 95.881% (11825/12333) (classification)
Accuracy = 95.8242% (11818/12333) (classification)
rm: cannot remove `CircleSoftTrainingmodel': No such file or directory
Accuracy = 95.7756% (11812/12333) (classification)
Accuracy = 95.808% (11816/12333) (classification)
Accuracy = 95.7431% (11808/12333) (classification)
rm: cannot remove `CircleSoftTrainingmodel': No such file or directory
Accuracy = 95.662% (11798/12333) (classification)
Accuracy = 95.6539% (11797/12333) (classification)
Accuracy = 95.6458% (11796/12333) (classification)
Accuracy = 96.035% (11844/12333) (classification)
Accuracy = 95.9783% (11837/12333) (classification)
Accuracy = 95.9134% (11829/12333) (classification)
Accuracy = 95.8566% (11822/12333) (classification)
Accuracy = 95.7837% (11813/12333) (classification)
Accuracy = 95.8242% (11818/12333) (classification)
Accuracy = 95.7431% (11808/12333) (classification)
Accuracy = 95.6702% (11799/12333) (classification)
Accuracy = 95.6458% (11796/12333) (classification)
Accuracy = 95.6458% (11796/12333) (classification)
Accuracy = 95.6377% (11795/12333) (classification)
rm: cannot remove `CircleSoftTrainingmodel': No such file or directory
Accuracy = 96.0431% (11845/12333) (classification)
Accuracy = 95.9377% (11832/12333) (classification)
Accuracy = 95.881% (11825/12333) (classification)
Accuracy = 95.8323% (11819/12333) (classification)
Accuracy = 95.7999% (11815/12333) (classification)
Accuracy = 95.7512% (11809/12333) (classification)
Accuracy = 95.6945% (11802/12333) (classification)
Accuracy = 95.6539% (11797/12333) (classification)
Accuracy = 95.6296% (11794/12333) (classification)
Accuracy = 95.5729% (11787/12333) (classification)
Accuracy = 95.6134% (11792/12333) (classification)
Accuracy = 96.0269% (11843/12333) (classification)
Accuracy = 95.9053% (11828/12333) (classification)
Accuracy = 95.8648% (11823/12333) (classification)
Accuracy = 95.7837% (11813/12333) (classification)
Accuracy = 95.7593% (11810/12333) (classification)
Accuracy = 95.7107% (11804/12333) (classification)
Accuracy = 95.6539% (11797/12333) (classification)
Accuracy = 95.6134% (11792/12333) (classification)
Accuracy = 95.5729% (11787/12333) (classification)
Accuracy = 95.6215% (11793/12333) (classification)
Accuracy = 95.6296% (11794/12333) (classification)
Accuracy = 96.0026% (11840/12333) (classification)
Accuracy = 95.9053% (11828/12333) (classification)
Accuracy = 95.8323% (11819/12333) (classification)
Accuracy = 95.7593% (11810/12333) (classification)
Accuracy = 95.7188% (11805/12333) (classification)
Accuracy = 95.6539% (11797/12333) (classification)
Accuracy = 95.6458% (11796/12333) (classification)
Accuracy = 95.5891% (11789/12333) (classification)
Accuracy = 95.6296% (11794/12333) (classification)
Accuracy = 95.6377% (11795/12333) (classification)
Accuracy = 95.6539% (11797/12333) (classification)
Progress: 1/231
Progress: 2/231
Progress: 3/231
Progress: 4/231
Progress: 5/231
Progress: 6/231
Progress: 7/231
Progress: 8/231
Progress: 9/231
Progress: 10/231
Progress: 11/231
Progress: 12/231
Progress: 13/231
Progress: 14/231
Progress: 15/231
Progress: 16/231
Progress: 17/231
Progress: 18/231
Progress: 19/231
Progress: 20/231
Progress: 21/231
Progress: 22/231
Progress: 23/231
Progress: 24/231
Progress: 25/231
Progress: 26/231
Progress: 27/231
Progress: 28/231
Progress: 29/231
Progress: 30/231
Progress: 31/231
Progress: 32/231
Progress: 33/231
Progress: 34/231
Progress: 35/231
Progress: 36/231
Progress: 37/231
Progress: 38/231
Progress: 39/231
Progress: 40/231
Progress: 41/231
Progress: 42/231
Progress: 43/231
Progress: 44/231
Progress: 45/231
Progress: 46/231
Progress: 47/231
Progress: 48/231
Progress: 49/231
Progress: 50/231
Progress: 51/231
Progress: 52/231
Progress: 53/231
Progress: 54/231
Progress: 55/231
Progress: 56/231
Progress: 57/231
Progress: 58/231
Progress: 59/231
Progress: 60/231
Progress: 61/231
Progress: 62/231
Progress: 63/231
Progress: 64/231
Progress: 65/231
Progress: 66/231
Progress: 67/231
Progress: 68/231
Progress: 69/231
Progress: 70/231
Progress: 71/231
Progress: 72/231
Progress: 73/231
Progress: 74/231
Progress: 75/231
Progress: 76/231
Progress: 77/231
Progress: 78/231
Progress: 79/231
Progress: 80/231
Progress: 81/231
Progress: 82/231
Progress: 83/231
Progress: 84/231
Progress: 85/231
Progress: 86/231
Progress: 87/231
Progress: 88/231
Progress: 89/231
Progress: 90/231
Progress: 91/231
Progress: 92/231
Progress: 93/231
Progress: 94/231
Progress: 95/231
Progress: 96/231
Progress: 97/231
Progress: 98/231
Progress: 99/231
Progress: 100/231
Progress: 101/231
Progress: 102/231
Progress: 103/231
Progress: 104/231
Progress: 105/231
Progress: 106/231
Progress: 107/231
Progress: 108/231
Progress: 109/231
Progress: 110/231
Progress: 111/231
Progress: 112/231
Progress: 113/231
Progress: 114/231
Progress: 115/231
Progress: 116/231
Progress: 117/231
Progress: 118/231
Progress: 119/231
Progress: 120/231
Progress: 121/231
Progress: 122/231
Progress: 123/231
Progress: 124/231
Progress: 125/231
Progress: 126/231
Progress: 127/231
Progress: 128/231
Progress: 129/231
Progress: 130/231
Progress: 131/231
Progress: 132/231
Progress: 133/231
Progress: 134/231
Progress: 135/231
Progress: 136/231
Progress: 137/231
Progress: 138/231
Progress: 139/231
Progress: 140/231
Progress: 141/231
Progress: 142/231
Progress: 143/231
Progress: 144/231
Progress: 145/231
Progress: 146/231
Progress: 147/231
Progress: 148/231
Progress: 149/231
Progress: 150/231
Progress: 151/231
Progress: 152/231
Progress: 153/231
Progress: 154/231
Progress: 155/231
Progress: 156/231
Progress: 157/231
Progress: 158/231
Progress: 159/231
Progress: 160/231
Progress: 161/231
Progress: 162/231
Progress: 163/231
Progress: 164/231
Progress: 165/231
Progress: 166/231
Progress: 167/231
Progress: 168/231
Progress: 169/231
Progress: 170/231
Progress: 171/231
Progress: 172/231
Progress: 173/231
Progress: 174/231
Progress: 175/231
Progress: 176/231
Progress: 177/231
Progress: 178/231
Progress: 179/231
Progress: 180/231
Progress: 181/231
Progress: 182/231
Progress: 183/231
Progress: 184/231
Progress: 185/231
Progress: 186/231
Progress: 187/231
Progress: 188/231
Progress: 189/231
Progress: 190/231
Progress: 191/231
Progress: 192/231
Progress: 193/231
Progress: 194/231
Progress: 195/231
Progress: 196/231
Progress: 197/231
Progress: 198/231
Progress: 199/231
Progress: 200/231
Progress: 201/231
Progress: 202/231
Progress: 203/231
Progress: 204/231
Progress: 205/231
Progress: 206/231
Progress: 207/231
Progress: 208/231
Progress: 209/231
Progress: 210/231
Progress: 211/231
Progress: 212/231
Progress: 213/231
Progress: 214/231
Progress: 215/231
Progress: 216/231
Progress: 217/231
Progress: 218/231
Progress: 219/231
Progress: 220/231
Progress: 221/231
Progress: 222/231
Progress: 223/231
Progress: 224/231
Progress: 225/231
Progress: 226/231
Progress: 227/231
Progress: 228/231
Progress: 229/231
Progress: 230/231
Progress: 231/231
Total runtime: 32168.701262 seconds
